C:\Program Files (x86)\MSBuild\Microsoft.Cpp\v4.0\V140\Microsoft.CppBuild.targets(392,5): warning MSB8028: The intermediate directory (Release\) contains files shared from another project (ポリゴンの描画処理のクラス化.vcxproj).  This can lead to incorrect clean and rebuild behavior.
  bg.cpp
  bullet.cpp
  charge.cpp
  enemy.cpp
  explosion.cpp
  fade.cpp
  game.cpp
  gameover.cpp
  gauge.cpp
  gaugeber.cpp
  input.cpp
  life.cpp
  main.cpp
  manager.cpp
  number.cpp
  player.cpp
  ranking.cpp
  renderer.cpp
  result.cpp
  scene.cpp
  コンパイル中...
  scene2d.cpp
  score.cpp
  sound.cpp
  title.cpp
  tutorial.cpp
  ui.cpp
  コード生成しています。
  0 of 303 functions ( 0.0%) were compiled, the rest were copied from previous compilation.
    0 functions were new in current compilation
    0 functions had inline decision re-evaluated but remain unchanged
  コード生成が終了しました。
  ポリゴンの描画処理のクラス化.vcxproj -> C:\Users\GSP023\Desktop\data\個人製作\toshiki-product\楽しい森～リターンズ～\01_gamedata\楽しい森～リターンズ～\Release\楽しい森～リターンズ～.exe
  ポリゴンの描画処理のクラス化.vcxproj -> C:\Users\GSP023\Desktop\data\個人製作\toshiki-product\楽しい森～リターンズ～\01_gamedata\楽しい森～リターンズ～\Release\楽しい森～リターンズ～.pdb (Full PDB)
